2024-08-28 00:44:39.137 INFO  o.s.b.d.a.LocalDevToolsAutoConfiguration$RestartingClassPathChangeChangedEventListener:211  [32m                  [0;39m Restarting due to 1 class path change (0 additions, 0 deletions, 1 modification)
2024-08-28 00:44:39.260 INFO  org.apache.coyote.http11.Http11NioProtocol        :173  [32m                  [0;39m Pausing ProtocolHandler ["http-nio-8002"]
2024-08-28 00:44:39.262 INFO  org.apache.catalina.core.StandardService          :173  [32m                  [0;39m Stopping service [Tomcat]
2024-08-28 00:44:39.276 INFO  o.a.c.c.C.[Tomcat].[localhost].[/business]        :173  [32m                  [0;39m Destroying Spring FrameworkServlet 'dispatcherServlet'
2024-08-28 00:44:39.303 WARN  org.apache.catalina.loader.WebappClassLoaderBase  :173  [32m                  [0;39m The web application [business] appears to have started a thread named [HikariPool-1 housekeeper] but has failed to stop it. This is very likely to create a memory leak. Stack trace of thread:
 java.base@17.0.3/jdk.internal.misc.Unsafe.park(Native Method)
 java.base@17.0.3/java.util.concurrent.locks.LockSupport.parkNanos(LockSupport.java:252)
 java.base@17.0.3/java.util.concurrent.locks.AbstractQueuedSynchronizer$ConditionObject.awaitNanos(AbstractQueuedSynchronizer.java:1672)
 java.base@17.0.3/java.util.concurrent.ScheduledThreadPoolExecutor$DelayedWorkQueue.take(ScheduledThreadPoolExecutor.java:1182)
 java.base@17.0.3/java.util.concurrent.ScheduledThreadPoolExecutor$DelayedWorkQueue.take(ScheduledThreadPoolExecutor.java:899)
 java.base@17.0.3/java.util.concurrent.ThreadPoolExecutor.getTask(ThreadPoolExecutor.java:1062)
 java.base@17.0.3/java.util.concurrent.ThreadPoolExecutor.runWorker(ThreadPoolExecutor.java:1122)
 java.base@17.0.3/java.util.concurrent.ThreadPoolExecutor$Worker.run(ThreadPoolExecutor.java:635)
 java.base@17.0.3/java.lang.Thread.run(Thread.java:833)
2024-08-28 00:44:39.320 INFO  org.apache.coyote.http11.Http11NioProtocol        :173  [32m                  [0;39m Stopping ProtocolHandler ["http-nio-8002"]
2024-08-28 00:44:39.333 INFO  org.apache.coyote.http11.Http11NioProtocol        :173  [32m                  [0;39m Destroying ProtocolHandler ["http-nio-8002"]
2024-08-28 00:44:39.365 INFO  com.zaxxer.hikari.HikariDataSource                :350  [32m                  [0;39m HikariPool-1 - Shutdown initiated...
2024-08-28 00:44:39.373 INFO  com.zaxxer.hikari.HikariDataSource                :352  [32m                  [0;39m HikariPool-1 - Shutdown completed.
2024-08-28 00:44:40.338 INFO  com.pds.business.BusinessApplication              :51   [32m                  [0;39m Starting BusinessApplication using Java 17.0.3 with PID 7196 (D:\project\java\train\business\target\classes started by linyu in D:\project\java\train)
2024-08-28 00:44:40.339 INFO  com.pds.business.BusinessApplication              :630  [32m                  [0;39m No active profile set, falling back to 1 default profile: "default"
2024-08-28 00:44:41.086 INFO  o.springframework.cloud.context.scope.GenericScope:282  [32m                  [0;39m BeanFactory id=f2e519e5-89e0-35b0-80e0-f7966271237f
2024-08-28 00:44:41.474 INFO  o.s.boot.web.embedded.tomcat.TomcatWebServer      :114  [32m                  [0;39m Tomcat initialized with port(s): 8002 (http)
2024-08-28 00:44:41.475 INFO  org.apache.coyote.http11.Http11NioProtocol        :173  [32m                  [0;39m Initializing ProtocolHandler ["http-nio-8002"]
2024-08-28 00:44:41.475 INFO  org.apache.catalina.core.StandardService          :173  [32m                  [0;39m Starting service [Tomcat]
2024-08-28 00:44:41.475 INFO  org.apache.catalina.core.StandardEngine           :173  [32m                  [0;39m Starting Servlet engine: [Apache Tomcat/10.1.1]
2024-08-28 00:44:41.509 INFO  o.a.c.c.C.[Tomcat].[localhost].[/business]        :173  [32m                  [0;39m Initializing Spring embedded WebApplicationContext
2024-08-28 00:44:41.509 INFO  o.s.b.w.s.c.ServletWebServerApplicationContext    :291  [32m                  [0;39m Root WebApplicationContext: initialization completed in 1166 ms
2024-08-28 00:44:42.420 WARN  o.s.core.LocalVariableTableParameterNameDiscoverer:123  [32m                  [0;39m Using deprecated '-debug' fallback for parameter name resolution. Compile the affected code with '-parameters' instead or avoid its introspection: com.github.pagehelper.autoconfigure.PageHelperStandardProperties
2024-08-28 00:44:42.729 INFO  o.s.b.d.autoconfigure.OptionalLiveReloadServer    :59   [32m                  [0;39m LiveReload server is running on port 35729
2024-08-28 00:44:43.094 INFO  org.apache.coyote.http11.Http11NioProtocol        :173  [32m                  [0;39m Starting ProtocolHandler ["http-nio-8002"]
2024-08-28 00:44:43.098 INFO  o.s.boot.web.embedded.tomcat.TomcatWebServer      :226  [32m                  [0;39m Tomcat started on port(s): 8002 (http) with context path '/business'
2024-08-28 00:44:43.456 INFO  com.pds.business.BusinessApplication              :57   [32m                  [0;39m Started BusinessApplication in 3.372 seconds (process running for 95469.574)
2024-08-28 00:44:43.460 INFO  o.s.b.d.a.ConditionEvaluationDeltaLoggingListener :63   [32m                  [0;39m Condition evaluation unchanged
2024-08-28 00:44:43.460 INFO  com.pds.business.BusinessApplication              :30   [32m                  [0;39m 启动成功！！
2024-08-28 00:44:43.461 INFO  com.pds.business.BusinessApplication              :31   [32m                  [0;39m 测试地址: 	http://127.0.0.1:8002/business/hello
2024-08-28 00:45:35.273 INFO  o.s.b.d.a.LocalDevToolsAutoConfiguration$RestartingClassPathChangeChangedEventListener:211  [32m                  [0;39m Restarting due to 2 class path changes (0 additions, 0 deletions, 2 modifications)
2024-08-28 00:45:35.285 INFO  org.apache.coyote.http11.Http11NioProtocol        :173  [32m                  [0;39m Pausing ProtocolHandler ["http-nio-8002"]
2024-08-28 00:45:35.287 INFO  org.apache.catalina.core.StandardService          :173  [32m                  [0;39m Stopping service [Tomcat]
2024-08-28 00:45:35.289 INFO  org.apache.coyote.http11.Http11NioProtocol        :173  [32m                  [0;39m Stopping ProtocolHandler ["http-nio-8002"]
2024-08-28 00:45:35.291 INFO  org.apache.coyote.http11.Http11NioProtocol        :173  [32m                  [0;39m Destroying ProtocolHandler ["http-nio-8002"]
2024-08-28 00:45:35.605 INFO  com.pds.business.BusinessApplication              :51   [32m                  [0;39m Starting BusinessApplication using Java 17.0.3 with PID 7196 (D:\project\java\train\business\target\classes started by linyu in D:\project\java\train)
2024-08-28 00:45:35.605 INFO  com.pds.business.BusinessApplication              :630  [32m                  [0;39m No active profile set, falling back to 1 default profile: "default"
2024-08-28 00:45:35.896 INFO  o.springframework.cloud.context.scope.GenericScope:282  [32m                  [0;39m BeanFactory id=f2e519e5-89e0-35b0-80e0-f7966271237f
2024-08-28 00:45:36.073 INFO  o.s.boot.web.embedded.tomcat.TomcatWebServer      :114  [32m                  [0;39m Tomcat initialized with port(s): 8002 (http)
2024-08-28 00:45:36.073 INFO  org.apache.coyote.http11.Http11NioProtocol        :173  [32m                  [0;39m Initializing ProtocolHandler ["http-nio-8002"]
2024-08-28 00:45:36.073 INFO  org.apache.catalina.core.StandardService          :173  [32m                  [0;39m Starting service [Tomcat]
2024-08-28 00:45:36.073 INFO  org.apache.catalina.core.StandardEngine           :173  [32m                  [0;39m Starting Servlet engine: [Apache Tomcat/10.1.1]
2024-08-28 00:45:36.094 INFO  o.a.c.c.C.[Tomcat].[localhost].[/business]        :173  [32m                  [0;39m Initializing Spring embedded WebApplicationContext
2024-08-28 00:45:36.095 INFO  o.s.b.w.s.c.ServletWebServerApplicationContext    :291  [32m                  [0;39m Root WebApplicationContext: initialization completed in 486 ms
2024-08-28 00:45:36.682 WARN  o.s.core.LocalVariableTableParameterNameDiscoverer:123  [32m                  [0;39m Using deprecated '-debug' fallback for parameter name resolution. Compile the affected code with '-parameters' instead or avoid its introspection: com.github.pagehelper.autoconfigure.PageHelperStandardProperties
2024-08-28 00:45:36.928 INFO  o.s.b.d.autoconfigure.OptionalLiveReloadServer    :59   [32m                  [0;39m LiveReload server is running on port 35729
2024-08-28 00:45:37.196 INFO  org.apache.coyote.http11.Http11NioProtocol        :173  [32m                  [0;39m Starting ProtocolHandler ["http-nio-8002"]
2024-08-28 00:45:37.200 INFO  o.s.boot.web.embedded.tomcat.TomcatWebServer      :226  [32m                  [0;39m Tomcat started on port(s): 8002 (http) with context path '/business'
2024-08-28 00:45:37.358 INFO  com.pds.business.BusinessApplication              :57   [32m                  [0;39m Started BusinessApplication in 1.966 seconds (process running for 95523.475)
2024-08-28 00:45:37.360 INFO  o.s.b.d.a.ConditionEvaluationDeltaLoggingListener :63   [32m                  [0;39m Condition evaluation unchanged
2024-08-28 00:45:37.360 INFO  com.pds.business.BusinessApplication              :30   [32m                  [0;39m 启动成功！！
2024-08-28 00:45:37.361 INFO  com.pds.business.BusinessApplication              :31   [32m                  [0;39m 测试地址: 	http://127.0.0.1:8002/business/hello
2024-08-28 23:47:17.409 INFO  o.a.c.c.C.[Tomcat].[localhost].[/business]        :173  [32m                  [0;39m Initializing Spring DispatcherServlet 'dispatcherServlet'
2024-08-28 23:47:17.415 INFO  org.springframework.web.servlet.DispatcherServlet :525  [32m                  [0;39m Initializing Servlet 'dispatcherServlet'
2024-08-28 23:47:17.451 INFO  org.springframework.web.servlet.DispatcherServlet :547  [32m                  [0;39m Completed initialization in 36 ms
2024-08-28 23:47:17.610 INFO  com.pds.common.aspect.LogAspect                   :48   [32m                  [0;39m ------------- 开始 -------------
2024-08-28 23:47:17.613 INFO  com.pds.common.aspect.LogAspect                   :49   [32m                  [0;39m 请求地址: http://127.0.0.1:8002/business/admin/train-station/query-list GET
2024-08-28 23:47:17.614 INFO  com.pds.common.aspect.LogAspect                   :50   [32m                  [0;39m 类名方法: com.pds.business.controller.admin.TrainStationAdminController.queryList
2024-08-28 23:47:17.614 INFO  com.pds.common.aspect.LogAspect                   :51   [32m                  [0;39m 远程地址: 127.0.0.1
2024-08-28 23:47:17.635 INFO  com.pds.common.aspect.LogAspect                   :72   [32m                  [0;39m 请求参数: [{"page":1,"size":10}]
2024-08-28 23:47:17.660 INFO  com.pds.business.service.TrainStationService      :97   [32m                  [0;39m 查询页码：1
2024-08-28 23:47:17.660 INFO  com.pds.business.service.TrainStationService      :98   [32m                  [0;39m 每页条数：10
2024-08-28 23:47:17.696 INFO  com.zaxxer.hikari.HikariDataSource                :110  [32m                  [0;39m HikariPool-2 - Starting...
2024-08-28 23:47:17.755 INFO  com.zaxxer.hikari.pool.HikariPool                 :565  [32m                  [0;39m HikariPool-2 - Added connection com.mysql.cj.jdbc.ConnectionImpl@53dd4d93
2024-08-28 23:47:17.757 INFO  com.zaxxer.hikari.HikariDataSource                :123  [32m                  [0;39m HikariPool-2 - Start completed.
2024-08-28 23:47:17.768 INFO  com.pds.business.service.TrainStationService      :103  [32m                  [0;39m 总行数：2
2024-08-28 23:47:17.768 INFO  com.pds.business.service.TrainStationService      :104  [32m                  [0;39m 总页数：1
2024-08-28 23:47:17.784 INFO  com.pds.common.aspect.LogAspect                   :84   [32m                  [0;39m 返回结果: {"content":{"list":[{"createTime":1724769952951,"id":1828443823211155456,"inTime":72000000,"index":2,"km":1211.00,"name":"杜甫","namePinyin":"dufu","outTime":0,"stopTime":72000000,"trainCode":"D1","updateTime":1724769952951},{"createTime":1724769923000,"id":1828443699525324800,"inTime":61200000,"index":1,"km":121.00,"name":"李白","namePinyin":"libai","outTime":64800000,"stopTime":61200000,"trainCode":"D2","updateTime":1724770528098}],"total":2},"success":true}
2024-08-28 23:47:17.785 INFO  com.pds.common.aspect.LogAspect                   :85   [32m                  [0;39m ------------- 结束 耗时：178 ms -------------
2024-08-28 23:48:59.560 INFO  com.pds.common.aspect.LogAspect                   :48   [32m                  [0;39m ------------- 开始 -------------
2024-08-28 23:48:59.561 INFO  com.pds.common.aspect.LogAspect                   :49   [32m                  [0;39m 请求地址: http://127.0.0.1:8002/business/admin/train-station/query-list GET
2024-08-28 23:48:59.561 INFO  com.pds.common.aspect.LogAspect                   :50   [32m                  [0;39m 类名方法: com.pds.business.controller.admin.TrainStationAdminController.queryList
2024-08-28 23:48:59.561 INFO  com.pds.common.aspect.LogAspect                   :51   [32m                  [0;39m 远程地址: 127.0.0.1
2024-08-28 23:48:59.561 INFO  com.pds.common.aspect.LogAspect                   :72   [32m                  [0;39m 请求参数: [{"page":1,"size":10}]
2024-08-28 23:48:59.562 INFO  com.pds.business.service.TrainStationService      :97   [32m                  [0;39m 查询页码：1
2024-08-28 23:48:59.562 INFO  com.pds.business.service.TrainStationService      :98   [32m                  [0;39m 每页条数：10
2024-08-28 23:48:59.573 INFO  com.pds.business.service.TrainStationService      :103  [32m                  [0;39m 总行数：2
2024-08-28 23:48:59.574 INFO  com.pds.business.service.TrainStationService      :104  [32m                  [0;39m 总页数：1
2024-08-28 23:48:59.575 INFO  com.pds.common.aspect.LogAspect                   :84   [32m                  [0;39m 返回结果: {"content":{"list":[{"createTime":1724769952951,"id":1828443823211155456,"inTime":72000000,"index":2,"km":1211.00,"name":"杜甫","namePinyin":"dufu","outTime":0,"stopTime":72000000,"trainCode":"D1","updateTime":1724769952951},{"createTime":1724769923000,"id":1828443699525324800,"inTime":61200000,"index":1,"km":121.00,"name":"李白","namePinyin":"libai","outTime":64800000,"stopTime":61200000,"trainCode":"D2","updateTime":1724770528098}],"total":2},"success":true}
2024-08-28 23:48:59.575 INFO  com.pds.common.aspect.LogAspect                   :85   [32m                  [0;39m ------------- 结束 耗时：15 ms -------------
2024-08-28 23:51:13.680 INFO  com.pds.common.aspect.LogAspect                   :48   [32m                  [0;39m ------------- 开始 -------------
2024-08-28 23:51:13.680 INFO  com.pds.common.aspect.LogAspect                   :49   [32m                  [0;39m 请求地址: http://127.0.0.1:8002/business/admin/train-station/query-list GET
2024-08-28 23:51:13.680 INFO  com.pds.common.aspect.LogAspect                   :50   [32m                  [0;39m 类名方法: com.pds.business.controller.admin.TrainStationAdminController.queryList
2024-08-28 23:51:13.681 INFO  com.pds.common.aspect.LogAspect                   :51   [32m                  [0;39m 远程地址: 127.0.0.1
2024-08-28 23:51:13.681 INFO  com.pds.common.aspect.LogAspect                   :72   [32m                  [0;39m 请求参数: [{"page":1,"size":10}]
2024-08-28 23:51:13.681 INFO  com.pds.business.service.TrainStationService      :97   [32m                  [0;39m 查询页码：1
2024-08-28 23:51:13.681 INFO  com.pds.business.service.TrainStationService      :98   [32m                  [0;39m 每页条数：10
2024-08-28 23:51:13.709 INFO  com.pds.business.service.TrainStationService      :103  [32m                  [0;39m 总行数：2
2024-08-28 23:51:13.709 INFO  com.pds.business.service.TrainStationService      :104  [32m                  [0;39m 总页数：1
2024-08-28 23:51:13.710 INFO  com.pds.common.aspect.LogAspect                   :84   [32m                  [0;39m 返回结果: {"content":{"list":[{"createTime":1724769952951,"id":1828443823211155456,"inTime":72000000,"index":2,"km":1211.00,"name":"杜甫","namePinyin":"dufu","outTime":0,"stopTime":72000000,"trainCode":"D1","updateTime":1724769952951},{"createTime":1724769923000,"id":1828443699525324800,"inTime":61200000,"index":1,"km":121.00,"name":"李白","namePinyin":"libai","outTime":64800000,"stopTime":61200000,"trainCode":"D2","updateTime":1724770528098}],"total":2},"success":true}
2024-08-28 23:51:13.710 INFO  com.pds.common.aspect.LogAspect                   :85   [32m                  [0;39m ------------- 结束 耗时：30 ms -------------
