2024-08-28 00:44:39.036 INFO  o.s.b.d.a.LocalDevToolsAutoConfiguration$RestartingClassPathChangeChangedEventListener:211  [32m                  [0;39m Restarting due to 2 class path changes (0 additions, 0 deletions, 2 modifications)
2024-08-28 00:44:39.193 INFO  org.apache.coyote.http11.Http11NioProtocol        :173  [32m                  [0;39m Pausing ProtocolHandler ["http-nio-8001"]
2024-08-28 00:44:39.196 INFO  org.apache.catalina.core.StandardService          :173  [32m                  [0;39m Stopping service [Tomcat]
2024-08-28 00:44:39.235 INFO  org.apache.coyote.http11.Http11NioProtocol        :173  [32m                  [0;39m Stopping ProtocolHandler ["http-nio-8001"]
2024-08-28 00:44:39.243 INFO  org.apache.coyote.http11.Http11NioProtocol        :173  [32m                  [0;39m Destroying ProtocolHandler ["http-nio-8001"]
2024-08-28 00:44:39.898 INFO  com.pds.member.config.MemberApplication           :51   [32m                  [0;39m Starting MemberApplication using Java 17.0.3 with PID 43524 (D:\project\java\train\member\target\classes started by linyu in D:\project\java\train)
2024-08-28 00:44:39.898 INFO  com.pds.member.config.MemberApplication           :630  [32m                  [0;39m No active profile set, falling back to 1 default profile: "default"
2024-08-28 00:44:40.722 INFO  o.springframework.cloud.context.scope.GenericScope:282  [32m                  [0;39m BeanFactory id=c793c040-ddd6-3dae-99ac-6b3136d5480e
2024-08-28 00:44:40.952 INFO  o.s.boot.web.embedded.tomcat.TomcatWebServer      :114  [32m                  [0;39m Tomcat initialized with port(s): 8001 (http)
2024-08-28 00:44:40.953 INFO  org.apache.coyote.http11.Http11NioProtocol        :173  [32m                  [0;39m Initializing ProtocolHandler ["http-nio-8001"]
2024-08-28 00:44:40.953 INFO  org.apache.catalina.core.StandardService          :173  [32m                  [0;39m Starting service [Tomcat]
2024-08-28 00:44:40.954 INFO  org.apache.catalina.core.StandardEngine           :173  [32m                  [0;39m Starting Servlet engine: [Apache Tomcat/10.1.1]
2024-08-28 00:44:40.988 INFO  o.a.c.c.C.[Tomcat].[localhost].[/member]          :173  [32m                  [0;39m Initializing Spring embedded WebApplicationContext
2024-08-28 00:44:40.988 INFO  o.s.b.w.s.c.ServletWebServerApplicationContext    :291  [32m                  [0;39m Root WebApplicationContext: initialization completed in 1083 ms
2024-08-28 00:44:41.708 WARN  o.s.core.LocalVariableTableParameterNameDiscoverer:123  [32m                  [0;39m Using deprecated '-debug' fallback for parameter name resolution. Compile the affected code with '-parameters' instead or avoid its introspection: com.github.pagehelper.autoconfigure.PageHelperStandardProperties
2024-08-28 00:44:41.989 WARN  o.s.b.d.autoconfigure.OptionalLiveReloadServer    :62   [32m                  [0;39m Unable to start LiveReload server
2024-08-28 00:44:42.399 INFO  org.apache.coyote.http11.Http11NioProtocol        :173  [32m                  [0;39m Starting ProtocolHandler ["http-nio-8001"]
2024-08-28 00:44:42.404 INFO  o.s.boot.web.embedded.tomcat.TomcatWebServer      :226  [32m                  [0;39m Tomcat started on port(s): 8001 (http) with context path '/member'
2024-08-28 00:44:42.628 INFO  com.pds.member.config.MemberApplication           :57   [32m                  [0;39m Started MemberApplication in 3.009 seconds (process running for 95460.236)
2024-08-28 00:44:42.632 INFO  o.s.b.d.a.ConditionEvaluationDeltaLoggingListener :63   [32m                  [0;39m Condition evaluation unchanged
2024-08-28 00:44:42.633 INFO  com.pds.member.config.MemberApplication           :22   [32m                  [0;39m 启动成功
2024-08-28 00:44:42.634 INFO  com.pds.member.config.MemberApplication           :23   [32m                  [0;39m 测试地址: 	http://127.0.0.1:8001/member/hello
2024-08-28 00:45:35.518 INFO  o.s.b.d.a.LocalDevToolsAutoConfiguration$RestartingClassPathChangeChangedEventListener:211  [32m                  [0;39m Restarting due to 2 class path changes (0 additions, 0 deletions, 2 modifications)
2024-08-28 00:45:35.532 INFO  org.apache.coyote.http11.Http11NioProtocol        :173  [32m                  [0;39m Pausing ProtocolHandler ["http-nio-8001"]
2024-08-28 00:45:35.533 INFO  org.apache.catalina.core.StandardService          :173  [32m                  [0;39m Stopping service [Tomcat]
2024-08-28 00:45:35.535 INFO  org.apache.coyote.http11.Http11NioProtocol        :173  [32m                  [0;39m Stopping ProtocolHandler ["http-nio-8001"]
2024-08-28 00:45:35.537 INFO  org.apache.coyote.http11.Http11NioProtocol        :173  [32m                  [0;39m Destroying ProtocolHandler ["http-nio-8001"]
2024-08-28 00:45:35.844 INFO  com.pds.member.config.MemberApplication           :51   [32m                  [0;39m Starting MemberApplication using Java 17.0.3 with PID 43524 (D:\project\java\train\member\target\classes started by linyu in D:\project\java\train)
2024-08-28 00:45:35.844 INFO  com.pds.member.config.MemberApplication           :630  [32m                  [0;39m No active profile set, falling back to 1 default profile: "default"
2024-08-28 00:45:36.152 INFO  o.springframework.cloud.context.scope.GenericScope:282  [32m                  [0;39m BeanFactory id=c793c040-ddd6-3dae-99ac-6b3136d5480e
2024-08-28 00:45:36.311 INFO  o.s.boot.web.embedded.tomcat.TomcatWebServer      :114  [32m                  [0;39m Tomcat initialized with port(s): 8001 (http)
2024-08-28 00:45:36.312 INFO  org.apache.coyote.http11.Http11NioProtocol        :173  [32m                  [0;39m Initializing ProtocolHandler ["http-nio-8001"]
2024-08-28 00:45:36.312 INFO  org.apache.catalina.core.StandardService          :173  [32m                  [0;39m Starting service [Tomcat]
2024-08-28 00:45:36.312 INFO  org.apache.catalina.core.StandardEngine           :173  [32m                  [0;39m Starting Servlet engine: [Apache Tomcat/10.1.1]
2024-08-28 00:45:36.343 INFO  o.a.c.c.C.[Tomcat].[localhost].[/member]          :173  [32m                  [0;39m Initializing Spring embedded WebApplicationContext
2024-08-28 00:45:36.344 INFO  o.s.b.w.s.c.ServletWebServerApplicationContext    :291  [32m                  [0;39m Root WebApplicationContext: initialization completed in 496 ms
2024-08-28 00:45:36.762 WARN  o.s.core.LocalVariableTableParameterNameDiscoverer:123  [32m                  [0;39m Using deprecated '-debug' fallback for parameter name resolution. Compile the affected code with '-parameters' instead or avoid its introspection: com.github.pagehelper.autoconfigure.PageHelperStandardProperties
2024-08-28 00:45:36.947 WARN  o.s.b.d.autoconfigure.OptionalLiveReloadServer    :62   [32m                  [0;39m Unable to start LiveReload server
2024-08-28 00:45:37.207 INFO  org.apache.coyote.http11.Http11NioProtocol        :173  [32m                  [0;39m Starting ProtocolHandler ["http-nio-8001"]
2024-08-28 00:45:37.215 INFO  o.s.boot.web.embedded.tomcat.TomcatWebServer      :226  [32m                  [0;39m Tomcat started on port(s): 8001 (http) with context path '/member'
2024-08-28 00:45:37.368 INFO  com.pds.member.config.MemberApplication           :57   [32m                  [0;39m Started MemberApplication in 1.721 seconds (process running for 95514.976)
2024-08-28 00:45:37.370 INFO  o.s.b.d.a.ConditionEvaluationDeltaLoggingListener :63   [32m                  [0;39m Condition evaluation unchanged
2024-08-28 00:45:37.370 INFO  com.pds.member.config.MemberApplication           :22   [32m                  [0;39m 启动成功
2024-08-28 00:45:37.371 INFO  com.pds.member.config.MemberApplication           :23   [32m                  [0;39m 测试地址: 	http://127.0.0.1:8001/member/hello
